This is LuaHBTeX, Version 1.15.0 (TeX Live 2022/Arch Linux)  (format=lualatex 2022.9.25)  25 SEP 2022 23:50
 system commands enabled.
**documentname
(./main.tex
! Interruption.
<everyjob> \directlua {
            require("lualatexquotejobname.lua")}\typeout {\fmtname \space <\fmt
l.1 
  \documentclass[a4paper,14pt]{extarticle}
? 
! Emergency stop.
<everyjob> \directlua {
            require("lualatexquotejobname.lua")}\typeout {\fmtname \space <\fmt
l.1 
  \documentclass[a4paper,14pt]{extarticle}
End of file on the terminal!



Here is how much of LuaTeX's memory you used:
 9 strings out of 477762
 100000,383344 words of node,token memory allocated 275 words of node memory still in use:
   1 hlist, 1 dir, 39 glue_spec nodes
   avail lists: 2:12,3:1,4:1
 20859 multiletter control sequences out of 65536+600000
 14 fonts using 591679 bytes
 2i,0n,0p,54b,6s stack positions out of 5000i,500n,10000p,200000b,80000s
!  ==> Fatal error occurred, no output PDF file produced!
